#
# A fatal error has been detected by the Java Runtime Environment:
#
#  EXCEPTION_ACCESS_VIOLATION (0xc0000005) at pc=0x00007fffbdd931c3, pid=10584, tid=18580
#
# JRE version: Java(TM) SE Runtime Environment 18.9 (11.0.8+10) (build 11.0.8+10-LTS)
# Java VM: Java HotSpot(TM) 64-Bit Server VM 18.9 (11.0.8+10-LTS, mixed mode, tiered, compressed oops, g1 gc, windows-amd64)
# Problematic frame:
# V  [jvm.dll+0x2031c3]
#
# No core dump will be written. Minidumps are not enabled by default on client versions of Windows
#
# If you would like to submit a bug report, please visit:
#   https://bugreport.java.com/bugreport/crash.jsp
#

---------------  S U M M A R Y ------------

Command Line: --add-opens=java.base/java.util=ALL-UNNAMED --add-opens=java.base/java.lang=ALL-UNNAMED --add-opens=java.base/java.lang.invoke=ALL-UNNAMED --add-opens=java.prefs/java.util.prefs=ALL-UNNAMED -XX:MaxMetaspaceSize=256m -XX:+HeapDumpOnOutOfMemoryError -Xms256m -Xmx512m -Dfile.encoding=windows-1252 -Duser.country=US -Duser.language=en -Duser.variant org.gradle.launcher.daemon.bootstrap.GradleDaemon 6.2

Host: Intel(R) Core(TM) i3-5005U CPU @ 2.00GHz, 4 cores, 7G,  Windows 10 , 64 bit Build 19041 (10.0.19041.804)
Time: Sun Feb 21 21:13:04 2021 India Standard Time elapsed time: 93 seconds (0d 0h 1m 33s)

---------------  T H R E A D  ---------------

Current thread (0x00000295758cf800):  JavaThread "C2 CompilerThread0" daemon [_thread_in_native, id=18580, stack(0x000000b0b3600000,0x000000b0b3700000)]


Current CompileTask:
C2:  93449 3439   !   4       java.util.concurrent.ConcurrentHashMap::putVal (432 bytes)

Stack: [0x000000b0b3600000,0x000000b0b3700000],  sp=0x000000b0b36fd4f0,  free space=1013k
Native frames: (J=compiled Java code, j=interpreted, Vv=VM code, C=native code)
V  [jvm.dll+0x2031c3]
V  [jvm.dll+0x62b9ba]
V  [jvm.dll+0x1fb2ec]
V  [jvm.dll+0x17e0fc]
V  [jvm.dll+0x20aaa4]
V  [jvm.dll+0x208b7b]
V  [jvm.dll+0x6ff90c]
V  [jvm.dll+0x6f845c]
V  [jvm.dll+0x600d66]
C  [ucrtbase.dll+0x21bb2]
C  [KERNEL32.DLL+0x17034]
C  [ntdll.dll+0x4d241]


siginfo: EXCEPTION_ACCESS_VIOLATION (0xc0000005), reading address 0xffffffffffffffff


Register to memory mapping:

RIP=0x00007fffbdd931c3 jvm.dll
RAX=0x00007fffbdc03230 jvm.dll
RBX=0x000000b0b36fd790 is pointing into the stack for thread: 0x00000295758cf800
RCX=0x0000000000002000 is an unknown value
RDX=0x0000000000000468 is an unknown value
RSP=0x000000b0b36fd4f0 is pointing into the stack for thread: 0x00000295758cf800
RBP=0x0000000000007fff is an unknown value
RSI=0x0000000000000467 is an unknown value
RDI=0xccccc300000030b8 is an unknown value
R8 =0x0000000000002000 is an unknown value
R9 =0x0 is NULL
R10=0x0000029578273f70 points into unknown readable memory: eb 3f 1f 9e e7 e7 53 f8
R11=0x000002950000e250 points into unknown readable memory: 00 00 00 00 00 00 00 00
R12=0x00000000000003e2 is an unknown value
R13=0x0000000000000002 is an unknown value
R14=0x0 is NULL
R15=0x00007fffbe38f330 jvm.dll


Registers:
RAX=0x00007fffbdc03230, RBX=0x000000b0b36fd790, RCX=0x0000000000002000, RDX=0x0000000000000468
RSP=0x000000b0b36fd4f0, RBP=0x0000000000007fff, RSI=0x0000000000000467, RDI=0xccccc300000030b8
R8 =0x0000000000002000, R9 =0x0000000000000000, R10=0x0000029578273f70, R11=0x000002950000e250
R12=0x00000000000003e2, R13=0x0000000000000002, R14=0x0000000000000000, R15=0x00007fffbe38f330
RIP=0x00007fffbdd931c3, EFLAGS=0x0000000000010246

Top of Stack: (sp=0x000000b0b36fd4f0)
0x000000b0b36fd4f0:   000000b0b36fd790 00000000000003e1
0x000000b0b36fd500:   000000b0b36fd790 00007fffbe1ba876
0x000000b0b36fd510:   000000b0b36fd660 00007fffbe392e88
0x000000b0b36fd520:   0000000000000000 000000b0b36fd780
0x000000b0b36fd530:   00000295758b31e0 00007fffbe1bb9ba
0x000000b0b36fd540:   00000295758b31e0 000000b0b36fd7e0
0x000000b0b36fd550:   0000000000000001 000000b0b36fd720
0x000000b0b36fd560:   000000b0b36fe250 0000000000000001
0x000000b0b36fd570:   00000295758b31e0 00007fffbdd8b2ec
0x000000b0b36fd580:   00000295782e6e80 0000000000000008
0x000000b0b36fd590:   000000b0b36fd680 000002957b1dd2d0
0x000000b0b36fd5a0:   0000000000000000 000000b0b36feaf8
0x000000b0b36fd5b0:   000000b000000008 000002957b172310
0x000000b0b36fd5c0:   000000b0b36feca8 000000b0b36fecc0
0x000000b0b36fd5d0:   00000295758c3b70 00007fffbe420800
0x000000b0b36fd5e0:   0000000000000000 0000000000000002 

Instructions: (pc=0x00007fffbdd931c3)
0x00007fffbdd931a3:   00 45 33 f6 8b e8 0f 1f 80 00 00 00 00 49 8b 47
0x00007fffbdd931b3:   08 49 8b 3c 06 48 85 ff 74 6d 40 f6 c7 01 75 67
0x00007fffbdd931c3:   48 83 3f fe 74 61 8b 4f 28 8b c1 c1 e8 05 3b 43
0x00007fffbdd931d3:   30 72 0f 48 8b 43 20 8b d1 48 8d 4b 20 ff 50 18 


Stack slot to memory mapping:
stack at sp + 0 slots: 0x000000b0b36fd790 is pointing into the stack for thread: 0x00000295758cf800
stack at sp + 1 slots: 0x00000000000003e1 is an unknown value
stack at sp + 2 slots: 0x000000b0b36fd790 is pointing into the stack for thread: 0x00000295758cf800
stack at sp + 3 slots: 0x00007fffbe1ba876 jvm.dll
stack at sp + 4 slots: 0x000000b0b36fd660 is pointing into the stack for thread: 0x00000295758cf800
stack at sp + 5 slots: 0x00007fffbe392e88 jvm.dll
stack at sp + 6 slots: 0x0 is NULL
stack at sp + 7 slots: 0x000000b0b36fd780 is pointing into the stack for thread: 0x00000295758cf800


---------------  P R O C E S S  ---------------

Threads class SMR info:
_java_thread_list=0x0000029578a4a610, length=28, elements={
0x000002955ac9a800, 0x00000295758b4800, 0x00000295758bd000, 0x00000295758cd000,
0x00000295758ce800, 0x00000295758cf800, 0x0000029576224800, 0x0000029576225000,
0x0000029576384000, 0x0000029576396800, 0x0000029576dd3000, 0x0000029577d1d800,
0x0000029576554000, 0x0000029576830000, 0x000002957683e000, 0x00000295775ec800,
0x0000029576774800, 0x00000295765de000, 0x00000295772c7000, 0x0000029576587800,
0x0000029576589000, 0x0000029576585000, 0x0000029576585800, 0x000002957658a800,
0x000002957658a000, 0x000002957658b800, 0x0000029576586800, 0x0000029576588000
}

Java Threads: ( => current thread )
  0x000002955ac9a800 JavaThread "main" [_thread_blocked, id=15500, stack(0x000000b0b2b00000,0x000000b0b2c00000)]
  0x00000295758b4800 JavaThread "Reference Handler" daemon [_thread_blocked, id=3692, stack(0x000000b0b3200000,0x000000b0b3300000)]
  0x00000295758bd000 JavaThread "Finalizer" daemon [_thread_blocked, id=15508, stack(0x000000b0b3300000,0x000000b0b3400000)]
  0x00000295758cd000 JavaThread "Signal Dispatcher" daemon [_thread_blocked, id=17312, stack(0x000000b0b3400000,0x000000b0b3500000)]
  0x00000295758ce800 JavaThread "Attach Listener" daemon [_thread_blocked, id=16984, stack(0x000000b0b3500000,0x000000b0b3600000)]
=>0x00000295758cf800 JavaThread "C2 CompilerThread0" daemon [_thread_in_native, id=18580, stack(0x000000b0b3600000,0x000000b0b3700000)]
  0x0000029576224800 JavaThread "C1 CompilerThread0" daemon [_thread_blocked, id=1636, stack(0x000000b0b3700000,0x000000b0b3800000)]
  0x0000029576225000 JavaThread "Sweeper thread" daemon [_thread_blocked, id=12256, stack(0x000000b0b3800000,0x000000b0b3900000)]
  0x0000029576384000 JavaThread "Common-Cleaner" daemon [_thread_blocked, id=19732, stack(0x000000b0b3900000,0x000000b0b3a00000)]
  0x0000029576396800 JavaThread "Service Thread" daemon [_thread_blocked, id=17096, stack(0x000000b0b3a00000,0x000000b0b3b00000)]
  0x0000029576dd3000 JavaThread "Daemon health stats" [_thread_blocked, id=5448, stack(0x000000b0b3f00000,0x000000b0b4000000)]
  0x0000029577d1d800 JavaThread "Incoming local TCP Connector on port 61143" [_thread_in_native, id=20200, stack(0x000000b0b4000000,0x000000b0b4100000)]
  0x0000029576554000 JavaThread "Daemon periodic checks" [_thread_blocked, id=11532, stack(0x000000b0b4100000,0x000000b0b4200000)]
  0x0000029576830000 JavaThread "Daemon" [_thread_blocked, id=13348, stack(0x000000b0b4200000,0x000000b0b4300000)]
  0x000002957683e000 JavaThread "Handler for socket connection from /127.0.0.1:61143 to /127.0.0.1:61144" [_thread_in_native, id=2436, stack(0x000000b0b4300000,0x000000b0b4400000)]
  0x00000295775ec800 JavaThread "Cancel handler" [_thread_blocked, id=13064, stack(0x000000b0b4400000,0x000000b0b4500000)]
  0x0000029576774800 JavaThread "Daemon worker" [_thread_in_native, id=19708, stack(0x000000b0b4500000,0x000000b0b4600000)]
  0x00000295765de000 JavaThread "Asynchronous log dispatcher for DefaultDaemonConnection: socket connection from /127.0.0.1:61143 to /127.0.0.1:61144" [_thread_blocked, id=6428, stack(0x000000b0b4600000,0x000000b0b4700000)]
  0x00000295772c7000 JavaThread "Stdin handler" [_thread_blocked, id=15080, stack(0x000000b0b4700000,0x000000b0b4800000)]
  0x0000029576587800 JavaThread "Thread-8" [_thread_blocked, id=8924, stack(0x000000b0b4800000,0x000000b0b4900000)]
  0x0000029576589000 JavaThread "Cache worker for journal cache (C:\Users\Devansh\.gradle\caches\journal-1)" [_thread_blocked, id=12264, stack(0x000000b0b4900000,0x000000b0b4a00000)]
  0x0000029576585000 JavaThread "File lock request listener" [_thread_in_native, id=15844, stack(0x000000b0b4a00000,0x000000b0b4b00000)]
  0x0000029576585800 JavaThread "Cache worker for file hash cache (C:\Users\Devansh\.gradle\caches\6.2\fileHashes)" [_thread_blocked, id=14756, stack(0x000000b0b4b00000,0x000000b0b4c00000)]
  0x000002957658a800 JavaThread "Cache worker for checksums cache (C:\warlock\Internship Levyne\WebView\WebViewApp\android\.gradle\checksums)" [_thread_blocked, id=20108, stack(0x000000b0b4c00000,0x000000b0b4d00000)]
  0x000002957658a000 JavaThread "Cache worker for file hash cache (C:\warlock\Internship Levyne\WebView\WebViewApp\android\.gradle\6.2\fileHashes)" [_thread_blocked, id=9132, stack(0x000000b0b4d00000,0x000000b0b4e00000)]
  0x000002957658b800 JavaThread "Cache worker for cache directory md-supplier (C:\Users\Devansh\.gradle\caches\6.2\md-supplier)" [_thread_blocked, id=5384, stack(0x000000b0b4e00000,0x000000b0b4f00000)]
  0x0000029576586800 JavaThread "Cache worker for cache directory md-rule (C:\Users\Devansh\.gradle\caches\6.2\md-rule)" [_thread_blocked, id=1712, stack(0x000000b0b4f00000,0x000000b0b5000000)]
  0x0000029576588000 JavaThread "Cache worker for execution history cache (C:\Users\Devansh\.gradle\caches\6.2\executionHistory)" [_thread_blocked, id=15636, stack(0x000000b0b5000000,0x000000b0b5100000)]

Other Threads:
  0x000002957588b800 VMThread "VM Thread" [stack: 0x000000b0b3100000,0x000000b0b3200000] [id=12448]
  0x00000295763a0000 WatcherThread [stack: 0x000000b0b3b00000,0x000000b0b3c00000] [id=19268]
  0x000002955acae000 GCTaskThread "GC Thread#0" [stack: 0x000000b0b2c00000,0x000000b0b2d00000] [id=1544]
  0x0000029576ac6000 GCTaskThread "GC Thread#1" [stack: 0x000000b0b3c00000,0x000000b0b3d00000] [id=13748]
  0x0000029576984800 GCTaskThread "GC Thread#2" [stack: 0x000000b0b3d00000,0x000000b0b3e00000] [id=5456]
  0x0000029576985800 GCTaskThread "GC Thread#3" [stack: 0x000000b0b3e00000,0x000000b0b3f00000] [id=14108]
  0x000002955acbe000 ConcurrentGCThread "G1 Main Marker" [stack: 0x000000b0b2d00000,0x000000b0b2e00000] [id=4020]
  0x000002955acbf800 ConcurrentGCThread "G1 Conc#0" [stack: 0x000000b0b2e00000,0x000000b0b2f00000] [id=3720]
  0x000002957571c800 ConcurrentGCThread "G1 Refine#0" [stack: 0x000000b0b2f00000,0x000000b0b3000000] [id=16932]
  0x000002957571d000 ConcurrentGCThread "G1 Young RemSet Sampling" [stack: 0x000000b0b3000000,0x000000b0b3100000] [id=1384]

Threads with active compile tasks:
C2 CompilerThread0  93625 3439   !   4       java.util.concurrent.ConcurrentHashMap::putVal (432 bytes)

VM state:not at safepoint (normal execution)

VM Mutex/Monitor currently owned by a thread: None

Heap address: 0x00000000e0000000, size: 512 MB, Compressed Oops mode: 32-bit
Narrow klass base: 0x0000000000000000, Narrow klass shift: 3
Compressed class space size: 260046848 Address: 0x0000000100000000

Heap:
 garbage-first heap   total 262144K, used 106584K [0x00000000e0000000, 0x0000000100000000)
  region size 1024K, 93 young (95232K), 9 survivors (9216K)
 Metaspace       used 41640K, capacity 42605K, committed 42704K, reserved 292864K
  class space    used 5325K, capacity 5678K, committed 5760K, reserved 253952K
Heap Regions: E=young(eden), S=young(survivor), O=old, HS=humongous(starts), HC=humongous(continues), CS=collection set, F=free, A=archive, TAMS=top-at-mark-start (previous, next)
|   0|0x00000000e0000000, 0x00000000e0100000, 0x00000000e0100000|100%| O|  |TAMS 0x00000000e0100000, 0x00000000e0000000| Untracked 
|   1|0x00000000e0100000, 0x00000000e0200000, 0x00000000e0200000|100%| O|  |TAMS 0x00000000e0200000, 0x00000000e0100000| Untracked 
|   2|0x00000000e0200000, 0x00000000e0300000, 0x00000000e0300000|100%| O|  |TAMS 0x00000000e0300000, 0x00000000e0200000| Untracked 
|   3|0x00000000e0300000, 0x00000000e0400000, 0x00000000e0400000|100%|HS|  |TAMS 0x00000000e0400000, 0x00000000e0300000| Complete 
|   4|0x00000000e0400000, 0x00000000e0500000, 0x00000000e0500000|100%|HC|  |TAMS 0x00000000e0500000, 0x00000000e0400000| Complete 
|   5|0x00000000e0500000, 0x00000000e0600000, 0x00000000e0600000|100%|HC|  |TAMS 0x00000000e0600000, 0x00000000e0500000| Complete 
|   6|0x00000000e0600000, 0x00000000e0700000, 0x00000000e0700000|100%| O|  |TAMS 0x00000000e0700000, 0x00000000e0600000| Untracked 
|   7|0x00000000e0700000, 0x00000000e0800000, 0x00000000e0800000|100%| O|  |TAMS 0x00000000e0800000, 0x00000000e0700000| Untracked 
|   8|0x00000000e0800000, 0x00000000e0900000, 0x00000000e0900000|100%| O|  |TAMS 0x00000000e0900000, 0x00000000e0800000| Untracked 
|   9|0x00000000e0900000, 0x00000000e0a00000, 0x00000000e0a00000|100%| O|  |TAMS 0x00000000e0a00000, 0x00000000e0900000| Untracked 
|  10|0x00000000e0a00000, 0x00000000e0b00000, 0x00000000e0b00000|100%| O|  |TAMS 0x00000000e0b00000, 0x00000000e0a00000| Untracked 
|  11|0x00000000e0b00000, 0x00000000e0c00000, 0x00000000e0c00000|100%| O|  |TAMS 0x00000000e0c00000, 0x00000000e0b00000| Untracked 
|  12|0x00000000e0c00000, 0x00000000e0c9f200, 0x00000000e0d00000| 62%| O|  |TAMS 0x00000000e0c9f200, 0x00000000e0c00000| Untracked 
|  13|0x00000000e0d00000, 0x00000000e0d00000, 0x00000000e0e00000|  0%| F|  |TAMS 0x00000000e0d00000, 0x00000000e0d00000| Untracked 
|  14|0x00000000e0e00000, 0x00000000e0e00000, 0x00000000e0f00000|  0%| F|  |TAMS 0x00000000e0e00000, 0x00000000e0e00000| Untracked 
|  15|0x00000000e0f00000, 0x00000000e0f00000, 0x00000000e1000000|  0%| F|  |TAMS 0x00000000e0f00000, 0x00000000e0f00000| Untracked 
|  16|0x00000000e1000000, 0x00000000e1000000, 0x00000000e1100000|  0%| F|  |TAMS 0x00000000e1000000, 0x00000000e1000000| Untracked 
|  17|0x00000000e1100000, 0x00000000e1100000, 0x00000000e1200000|  0%| F|  |TAMS 0x00000000e1100000, 0x00000000e1100000| Untracked 
|  18|0x00000000e1200000, 0x00000000e1200000, 0x00000000e1300000|  0%| F|  |TAMS 0x00000000e1200000, 0x00000000e1200000| Untracked 
|  19|0x00000000e1300000, 0x00000000e1300000, 0x00000000e1400000|  0%| F|  |TAMS 0x00000000e1300000, 0x00000000e1300000| Untracked 
|  20|0x00000000e1400000, 0x00000000e1400000, 0x00000000e1500000|  0%| F|  |TAMS 0x00000000e1400000, 0x00000000e1400000| Untracked 
|  21|0x00000000e1500000, 0x00000000e1500000, 0x00000000e1600000|  0%| F|  |TAMS 0x00000000e1500000, 0x00000000e1500000| Untracked 
|  22|0x00000000e1600000, 0x00000000e1600000, 0x00000000e1700000|  0%| F|  |TAMS 0x00000000e1600000, 0x00000000e1600000| Untracked 
|  23|0x00000000e1700000, 0x00000000e1700000, 0x00000000e1800000|  0%| F|  |TAMS 0x00000000e1700000, 0x00000000e1700000| Untracked 
|  24|0x00000000e1800000, 0x00000000e1800000, 0x00000000e1900000|  0%| F|  |TAMS 0x00000000e1800000, 0x00000000e1800000| Untracked 
|  25|0x00000000e1900000, 0x00000000e1900000, 0x00000000e1a00000|  0%| F|  |TAMS 0x00000000e1900000, 0x00000000e1900000| Untracked 
|  26|0x00000000e1a00000, 0x00000000e1a00000, 0x00000000e1b00000|  0%| F|  |TAMS 0x00000000e1a00000, 0x00000000e1a00000| Untracked 
|  27|0x00000000e1b00000, 0x00000000e1b00000, 0x00000000e1c00000|  0%| F|  |TAMS 0x00000000e1b00000, 0x00000000e1b00000| Untracked 
|  28|0x00000000e1c00000, 0x00000000e1c00000, 0x00000000e1d00000|  0%| F|  |TAMS 0x00000000e1c00000, 0x00000000e1c00000| Untracked 
|  29|0x00000000e1d00000, 0x00000000e1d00000, 0x00000000e1e00000|  0%| F|  |TAMS 0x00000000e1d00000, 0x00000000e1d00000| Untracked 
|  30|0x00000000e1e00000, 0x00000000e1e00000, 0x00000000e1f00000|  0%| F|  |TAMS 0x00000000e1e00000, 0x00000000e1e00000| Untracked 
|  31|0x00000000e1f00000, 0x00000000e1f00000, 0x00000000e2000000|  0%| F|  |TAMS 0x00000000e1f00000, 0x00000000e1f00000| Untracked 
|  32|0x00000000e2000000, 0x00000000e2000000, 0x00000000e2100000|  0%| F|  |TAMS 0x00000000e2000000, 0x00000000e2000000| Untracked 
|  33|0x00000000e2100000, 0x00000000e2100000, 0x00000000e2200000|  0%| F|  |TAMS 0x00000000e2100000, 0x00000000e2100000| Untracked 
|  34|0x00000000e2200000, 0x00000000e2200000, 0x00000000e2300000|  0%| F|  |TAMS 0x00000000e2200000, 0x00000000e2200000| Untracked 
|  35|0x00000000e2300000, 0x00000000e2300000, 0x00000000e2400000|  0%| F|  |TAMS 0x00000000e2300000, 0x00000000e2300000| Untracked 
|  36|0x00000000e2400000, 0x00000000e2400000, 0x00000000e2500000|  0%| F|  |TAMS 0x00000000e2400000, 0x00000000e2400000| Untracked 
|  37|0x00000000e2500000, 0x00000000e2500000, 0x00000000e2600000|  0%| F|  |TAMS 0x00000000e2500000, 0x00000000e2500000| Untracked 
|  38|0x00000000e2600000, 0x00000000e2600000, 0x00000000e2700000|  0%| F|  |TAMS 0x00000000e2600000, 0x00000000e2600000| Untracked 
|  39|0x00000000e2700000, 0x00000000e2700000, 0x00000000e2800000|  0%| F|  |TAMS 0x00000000e2700000, 0x00000000e2700000| Untracked 
|  40|0x00000000e2800000, 0x00000000e2800000, 0x00000000e2900000|  0%| F|  |TAMS 0x00000000e2800000, 0x00000000e2800000| Untracked 
|  41|0x00000000e2900000, 0x00000000e2900000, 0x00000000e2a00000|  0%| F|  |TAMS 0x00000000e2900000, 0x00000000e2900000| Untracked 
|  42|0x00000000e2a00000, 0x00000000e2a00000, 0x00000000e2b00000|  0%| F|  |TAMS 0x00000000e2a00000, 0x00000000e2a00000| Untracked 
|  43|0x00000000e2b00000, 0x00000000e2b00000, 0x00000000e2c00000|  0%| F|  |TAMS 0x00000000e2b00000, 0x00000000e2b00000| Untracked 
|  44|0x00000000e2c00000, 0x00000000e2c00000, 0x00000000e2d00000|  0%| F|  |TAMS 0x00000000e2c00000, 0x00000000e2c00000| Untracked 
|  45|0x00000000e2d00000, 0x00000000e2d00000, 0x00000000e2e00000|  0%| F|  |TAMS 0x00000000e2d00000, 0x00000000e2d00000| Untracked 
|  46|0x00000000e2e00000, 0x00000000e2e00000, 0x00000000e2f00000|  0%| F|  |TAMS 0x00000000e2e00000, 0x00000000e2e00000| Untracked 
|  47|0x00000000e2f00000, 0x00000000e2f00000, 0x00000000e3000000|  0%| F|  |TAMS 0x00000000e2f00000, 0x00000000e2f00000| Untracked 
|  48|0x00000000e3000000, 0x00000000e3000000, 0x00000000e3100000|  0%| F|  |TAMS 0x00000000e3000000, 0x00000000e3000000| Untracked 
|  49|0x00000000e3100000, 0x00000000e3100000, 0x00000000e3200000|  0%| F|  |TAMS 0x00000000e3100000, 0x00000000e3100000| Untracked 
|  50|0x00000000e3200000, 0x00000000e3200000, 0x00000000e3300000|  0%| F|  |TAMS 0x00000000e3200000, 0x00000000e3200000| Untracked 
|  51|0x00000000e3300000, 0x00000000e3300000, 0x00000000e3400000|  0%| F|  |TAMS 0x00000000e3300000, 0x00000000e3300000| Untracked 
|  52|0x00000000e3400000, 0x00000000e3400000, 0x00000000e3500000|  0%| F|  |TAMS 0x00000000e3400000, 0x00000000e3400000| Untracked 
|  53|0x00000000e3500000, 0x00000000e3500000, 0x00000000e3600000|  0%| F|  |TAMS 0x00000000e3500000, 0x00000000e3500000| Untracked 
|  54|0x00000000e3600000, 0x00000000e3600000, 0x00000000e3700000|  0%| F|  |TAMS 0x00000000e3600000, 0x00000000e3600000| Untracked 
|  55|0x00000000e3700000, 0x00000000e3700000, 0x00000000e3800000|  0%| F|  |TAMS 0x00000000e3700000, 0x00000000e3700000| Untracked 
|  56|0x00000000e3800000, 0x00000000e3800000, 0x00000000e3900000|  0%| F|  |TAMS 0x00000000e3800000, 0x00000000e3800000| Untracked 
|  57|0x00000000e3900000, 0x00000000e3900000, 0x00000000e3a00000|  0%| F|  |TAMS 0x00000000e3900000, 0x00000000e3900000| Untracked 
|  58|0x00000000e3a00000, 0x00000000e3a00000, 0x00000000e3b00000|  0%| F|  |TAMS 0x00000000e3a00000, 0x00000000e3a00000| Untracked 
|  59|0x00000000e3b00000, 0x00000000e3b00000, 0x00000000e3c00000|  0%| F|  |TAMS 0x00000000e3b00000, 0x00000000e3b00000| Untracked 
|  60|0x00000000e3c00000, 0x00000000e3c00000, 0x00000000e3d00000|  0%| F|  |TAMS 0x00000000e3c00000, 0x00000000e3c00000| Untracked 
|  61|0x00000000e3d00000, 0x00000000e3d00000, 0x00000000e3e00000|  0%| F|  |TAMS 0x00000000e3d00000, 0x00000000e3d00000| Untracked 
|  62|0x00000000e3e00000, 0x00000000e3e00000, 0x00000000e3f00000|  0%| F|  |TAMS 0x00000000e3e00000, 0x00000000e3e00000| Untracked 
|  63|0x00000000e3f00000, 0x00000000e3f00000, 0x00000000e4000000|  0%| F|  |TAMS 0x00000000e3f00000, 0x00000000e3f00000| Untracked 
|  64|0x00000000e4000000, 0x00000000e4000000, 0x00000000e4100000|  0%| F|  |TAMS 0x00000000e4000000, 0x00000000e4000000| Untracked 
|  65|0x00000000e4100000, 0x00000000e4100000, 0x00000000e4200000|  0%| F|  |TAMS 0x00000000e4100000, 0x00000000e4100000| Untracked 
|  66|0x00000000e4200000, 0x00000000e4200000, 0x00000000e4300000|  0%| F|  |TAMS 0x00000000e4200000, 0x00000000e4200000| Untracked 
|  67|0x00000000e4300000, 0x00000000e4300000, 0x00000000e4400000|  0%| F|  |TAMS 0x00000000e4300000, 0x00000000e4300000| Untracked 
|  68|0x00000000e4400000, 0x00000000e4400000, 0x00000000e4500000|  0%| F|  |TAMS 0x00000000e4400000, 0x00000000e4400000| Untracked 
|  69|0x00000000e4500000, 0x00000000e4500000, 0x00000000e4600000|  0%| F|  |TAMS 0x00000000e4500000, 0x00000000e4500000| Untracked 
|  70|0x00000000e4600000, 0x00000000e4600000, 0x00000000e4700000|  0%| F|  |TAMS 0x00000000e4600000, 0x00000000e4600000| Untracked 
|  71|0x00000000e4700000, 0x00000000e4700000, 0x00000000e4800000|  0%| F|  |TAMS 0x00000000e4700000, 0x00000000e4700000| Untracked 
|  72|0x00000000e4800000, 0x00000000e4800000, 0x00000000e4900000|  0%| F|  |TAMS 0x00000000e4800000, 0x00000000e4800000| Untracked 
|  73|0x00000000e4900000, 0x00000000e4900000, 0x00000000e4a00000|  0%| F|  |TAMS 0x00000000e4900000, 0x00000000e4900000| Untracked 
|  74|0x00000000e4a00000, 0x00000000e4a00000, 0x00000000e4b00000|  0%| F|  |TAMS 0x00000000e4a00000, 0x00000000e4a00000| Untracked 
|  75|0x00000000e4b00000, 0x00000000e4b00000, 0x00000000e4c00000|  0%| F|  |TAMS 0x00000000e4b00000, 0x00000000e4b00000| Untracked 
|  76|0x00000000e4c00000, 0x00000000e4c00000, 0x00000000e4d00000|  0%| F|  |TAMS 0x00000000e4c00000, 0x00000000e4c00000| Untracked 
|  77|0x00000000e4d00000, 0x00000000e4d00000, 0x00000000e4e00000|  0%| F|  |TAMS 0x00000000e4d00000, 0x00000000e4d00000| Untracked 
|  78|0x00000000e4e00000, 0x00000000e4e00000, 0x00000000e4f00000|  0%| F|  |TAMS 0x00000000e4e00000, 0x00000000e4e00000| Untracked 
|  79|0x00000000e4f00000, 0x00000000e4f00000, 0x00000000e5000000|  0%| F|  |TAMS 0x00000000e4f00000, 0x00000000e4f00000| Untracked 
|  80|0x00000000e5000000, 0x00000000e5000000, 0x00000000e5100000|  0%| F|  |TAMS 0x00000000e5000000, 0x00000000e5000000| Untracked 
|  81|0x00000000e5100000, 0x00000000e5100000, 0x00000000e5200000|  0%| F|  |TAMS 0x00000000e5100000, 0x00000000e5100000| Untracked 
|  82|0x00000000e5200000, 0x00000000e5200000, 0x00000000e5300000|  0%| F|  |TAMS 0x00000000e5200000, 0x00000000e5200000| Untracked 
|  83|0x00000000e5300000, 0x00000000e5300000, 0x00000000e5400000|  0%| F|  |TAMS 0x00000000e5300000, 0x00000000e5300000| Untracked 
|  84|0x00000000e5400000, 0x00000000e5400000, 0x00000000e5500000|  0%| F|  |TAMS 0x00000000e5400000, 0x00000000e5400000| Untracked 
|  85|0x00000000e5500000, 0x00000000e5500000, 0x00000000e5600000|  0%| F|  |TAMS 0x00000000e5500000, 0x00000000e5500000| Untracked 
|  86|0x00000000e5600000, 0x00000000e5600000, 0x00000000e5700000|  0%| F|  |TAMS 0x00000000e5600000, 0x00000000e5600000| Untracked 
|  87|0x00000000e5700000, 0x00000000e5700000, 0x00000000e5800000|  0%| F|  |TAMS 0x00000000e5700000, 0x00000000e5700000| Untracked 
|  88|0x00000000e5800000, 0x00000000e5800000, 0x00000000e5900000|  0%| F|  |TAMS 0x00000000e5800000, 0x00000000e5800000| Untracked 
|  89|0x00000000e5900000, 0x00000000e5900000, 0x00000000e5a00000|  0%| F|  |TAMS 0x00000000e5900000, 0x00000000e5900000| Untracked 
|  90|0x00000000e5a00000, 0x00000000e5a00000, 0x00000000e5b00000|  0%| F|  |TAMS 0x00000000e5a00000, 0x00000000e5a00000| Untracked 
|  91|0x00000000e5b00000, 0x00000000e5b00000, 0x00000000e5c00000|  0%| F|  |TAMS 0x00000000e5b00000, 0x00000000e5b00000| Untracked 
|  92|0x00000000e5c00000, 0x00000000e5c00000, 0x00000000e5d00000|  0%| F|  |TAMS 0x00000000e5c00000, 0x00000000e5c00000| Untracked 
|  93|0x00000000e5d00000, 0x00000000e5d00000, 0x00000000e5e00000|  0%| F|  |TAMS 0x00000000e5d00000, 0x00000000e5d00000| Untracked 
|  94|0x00000000e5e00000, 0x00000000e5e00000, 0x00000000e5f00000|  0%| F|  |TAMS 0x00000000e5e00000, 0x00000000e5e00000| Untracked 
|  95|0x00000000e5f00000, 0x00000000e5f00000, 0x00000000e6000000|  0%| F|  |TAMS 0x00000000e5f00000, 0x00000000e5f00000| Untracked 
|  96|0x00000000e6000000, 0x00000000e6000000, 0x00000000e6100000|  0%| F|  |TAMS 0x00000000e6000000, 0x00000000e6000000| Untracked 
|  97|0x00000000e6100000, 0x00000000e6100000, 0x00000000e6200000|  0%| F|  |TAMS 0x00000000e6100000, 0x00000000e6100000| Untracked 
|  98|0x00000000e6200000, 0x00000000e6200000, 0x00000000e6300000|  0%| F|  |TAMS 0x00000000e6200000, 0x00000000e6200000| Untracked 
|  99|0x00000000e6300000, 0x00000000e6300000, 0x00000000e6400000|  0%| F|  |TAMS 0x00000000e6300000, 0x00000000e6300000| Untracked 
| 100|0x00000000e6400000, 0x00000000e6400000, 0x00000000e6500000|  0%| F|  |TAMS 0x00000000e6400000, 0x00000000e6400000| Untracked 
| 101|0x00000000e6500000, 0x00000000e6500000, 0x00000000e6600000|  0%| F|  |TAMS 0x00000000e6500000, 0x00000000e6500000| Untracked 
| 102|0x00000000e6600000, 0x00000000e6600000, 0x00000000e6700000|  0%| F|  |TAMS 0x00000000e6600000, 0x00000000e6600000| Untracked 
| 103|0x00000000e6700000, 0x00000000e6700000, 0x00000000e6800000|  0%| F|  |TAMS 0x00000000e6700000, 0x00000000e6700000| Untracked 
| 104|0x00000000e6800000, 0x00000000e6800000, 0x00000000e6900000|  0%| F|  |TAMS 0x00000000e6800000, 0x00000000e6800000| Untracked 
| 105|0x00000000e6900000, 0x00000000e6900000, 0x00000000e6a00000|  0%| F|  |TAMS 0x00000000e6900000, 0x00000000e6900000| Untracked 
| 106|0x00000000e6a00000, 0x00000000e6a00000, 0x00000000e6b00000|  0%| F|  |TAMS 0x00000000e6a00000, 0x00000000e6a00000| Untracked 
| 107|0x00000000e6b00000, 0x00000000e6b00000, 0x00000000e6c00000|  0%| F|  |TAMS 0x00000000e6b00000, 0x00000000e6b00000| Untracked 
| 108|0x00000000e6c00000, 0x00000000e6c00000, 0x00000000e6d00000|  0%| F|  |TAMS 0x00000000e6c00000, 0x00000000e6c00000| Untracked 
| 109|0x00000000e6d00000, 0x00000000e6d00000, 0x00000000e6e00000|  0%| F|  |TAMS 0x00000000e6d00000, 0x00000000e6d00000| Untracked 
| 110|0x00000000e6e00000, 0x00000000e6e00000, 0x00000000e6f00000|  0%| F|  |TAMS 0x00000000e6e00000, 0x00000000e6e00000| Untracked 
| 111|0x00000000e6f00000, 0x00000000e6f00000, 0x00000000e7000000|  0%| F|  |TAMS 0x00000000e6f00000, 0x00000000e6f00000| Untracked 
| 112|0x00000000e7000000, 0x00000000e7000000, 0x00000000e7100000|  0%| F|  |TAMS 0x00000000e7000000, 0x00000000e7000000| Untracked 
| 113|0x00000000e7100000, 0x00000000e7100000, 0x00000000e7200000|  0%| F|  |TAMS 0x00000000e7100000, 0x00000000e7100000| Untracked 
| 114|0x00000000e7200000, 0x00000000e7200000, 0x00000000e7300000|  0%| F|  |TAMS 0x00000000e7200000, 0x00000000e7200000| Untracked 
| 115|0x00000000e7300000, 0x00000000e7300000, 0x00000000e7400000|  0%| F|  |TAMS 0x00000000e7300000, 0x00000000e7300000| Untracked 
| 116|0x00000000e7400000, 0x00000000e7400000, 0x00000000e7500000|  0%| F|  |TAMS 0x00000000e7400000, 0x00000000e7400000| Untracked 
| 117|0x00000000e7500000, 0x00000000e7500000, 0x00000000e7600000|  0%| F|  |TAMS 0x00000000e7500000, 0x00000000e7500000| Untracked 
| 118|0x00000000e7600000, 0x00000000e7600000, 0x00000000e7700000|  0%| F|  |TAMS 0x00000000e7600000, 0x00000000e7600000| Untracked 
| 119|0x00000000e7700000, 0x00000000e7700000, 0x00000000e7800000|  0%| F|  |TAMS 0x00000000e7700000, 0x00000000e7700000| Untracked 
| 120|0x00000000e7800000, 0x00000000e7800000, 0x00000000e7900000|  0%| F|  |TAMS 0x00000000e7800000, 0x00000000e7800000| Untracked 
| 121|0x00000000e7900000, 0x00000000e7900000, 0x00000000e7a00000|  0%| F|  |TAMS 0x00000000e7900000, 0x00000000e7900000| Untracked 
| 122|0x00000000e7a00000, 0x00000000e7a00000, 0x00000000e7b00000|  0%| F|  |TAMS 0x00000000e7a00000, 0x00000000e7a00000| Untracked 
| 123|0x00000000e7b00000, 0x00000000e7b00000, 0x00000000e7c00000|  0%| F|  |TAMS 0x00000000e7b00000, 0x00000000e7b00000| Untracked 
| 124|0x00000000e7c00000, 0x00000000e7c00000, 0x00000000e7d00000|  0%| F|  |TAMS 0x00000000e7c00000, 0x00000000e7c00000| Untracked 
| 125|0x00000000e7d00000, 0x00000000e7d00000, 0x00000000e7e00000|  0%| F|  |TAMS 0x00000000e7d00000, 0x00000000e7d00000| Untracked 
| 126|0x00000000e7e00000, 0x00000000e7e00000, 0x00000000e7f00000|  0%| F|  |TAMS 0x00000000e7e00000, 0x00000000e7e00000| Untracked 
| 127|0x00000000e7f00000, 0x00000000e7f00000, 0x00000000e8000000|  0%| F|  |TAMS 0x00000000e7f00000, 0x00000000e7f00000| Untracked 
| 128|0x00000000e8000000, 0x00000000e8000000, 0x00000000e8100000|  0%| F|  |TAMS 0x00000000e8000000, 0x00000000e8000000| Untracked 
| 129|0x00000000e8100000, 0x00000000e8100000, 0x00000000e8200000|  0%| F|  |TAMS 0x00000000e8100000, 0x00000000e8100000| Untracked 
| 130|0x00000000e8200000, 0x00000000e8200000, 0x00000000e8300000|  0%| F|  |TAMS 0x00000000e8200000, 0x00000000e8200000| Untracked 
| 131|0x00000000e8300000, 0x00000000e8300000, 0x00000000e8400000|  0%| F|  |TAMS 0x00000000e8300000, 0x00000000e8300000| Untracked 
| 132|0x00000000e8400000, 0x00000000e8400000, 0x00000000e8500000|  0%| F|  |TAMS 0x00000000e8400000, 0x00000000e8400000| Untracked 
| 133|0x00000000e8500000, 0x00000000e8500000, 0x00000000e8600000|  0%| F|  |TAMS 0x00000000e8500000, 0x00000000e8500000| Untracked 
| 134|0x00000000e8600000, 0x00000000e8600000, 0x00000000e8700000|  0%| F|  |TAMS 0x00000000e8600000, 0x00000000e8600000| Untracked 
| 135|0x00000000e8700000, 0x00000000e8700000, 0x00000000e8800000|  0%| F|  |TAMS 0x00000000e8700000, 0x00000000e8700000| Untracked 
| 136|0x00000000e8800000, 0x00000000e8800000, 0x00000000e8900000|  0%| F|  |TAMS 0x00000000e8800000, 0x00000000e8800000| Untracked 
| 137|0x00000000e8900000, 0x00000000e8900000, 0x00000000e8a00000|  0%| F|  |TAMS 0x00000000e8900000, 0x00000000e8900000| Untracked 
| 138|0x00000000e8a00000, 0x00000000e8a00000, 0x00000000e8b00000|  0%| F|  |TAMS 0x00000000e8a00000, 0x00000000e8a00000| Untracked 
| 139|0x00000000e8b00000, 0x00000000e8b00000, 0x00000000e8c00000|  0%| F|  |TAMS 0x00000000e8b00000, 0x00000000e8b00000| Untracked 
| 140|0x00000000e8c00000, 0x00000000e8c00000, 0x00000000e8d00000|  0%| F|  |TAMS 0x00000000e8c00000, 0x00000000e8c00000| Untracked 
| 141|0x00000000e8d00000, 0x00000000e8d00000, 0x00000000e8e00000|  0%| F|  |TAMS 0x00000000e8d00000, 0x00000000e8d00000| Untracked 
| 142|0x00000000e8e00000, 0x00000000e8e00000, 0x00000000e8f00000|  0%| F|  |TAMS 0x00000000e8e00000, 0x00000000e8e00000| Untracked 
| 143|0x00000000e8f00000, 0x00000000e8f00000, 0x00000000e9000000|  0%| F|  |TAMS 0x00000000e8f00000, 0x00000000e8f00000| Untracked 
| 144|0x00000000e9000000, 0x00000000e9000000, 0x00000000e9100000|  0%| F|  |TAMS 0x00000000e9000000, 0x00000000e9000000| Untracked 
| 145|0x00000000e9100000, 0x00000000e9100000, 0x00000000e9200000|  0%| F|  |TAMS 0x00000000e9100000, 0x00000000e9100000| Untracked 
| 146|0x00000000e9200000, 0x00000000e9200000, 0x00000000e9300000|  0%| F|  |TAMS 0x00000000e9200000, 0x00000000e9200000| Untracked 
| 147|0x00000000e9300000, 0x00000000e9300000, 0x00000000e9400000|  0%| F|  |TAMS 0x00000000e9300000, 0x00000000e9300000| Untracked 
| 148|0x00000000e9400000, 0x00000000e9400000, 0x00000000e9500000|  0%| F|  |TAMS 0x00000000e9400000, 0x00000000e9400000| Untracked 
| 149|0x00000000e9500000, 0x00000000e9500000, 0x00000000e9600000|  0%| F|  |TAMS 0x00000000e9500000, 0x00000000e9500000| Untracked 
| 150|0x00000000e9600000, 0x00000000e9600000, 0x00000000e9700000|  0%| F|  |TAMS 0x00000000e9600000, 0x00000000e9600000| Untracked 
| 151|0x00000000e9700000, 0x00000000e9700000, 0x00000000e9800000|  0%| F|  |TAMS 0x00000000e9700000, 0x00000000e9700000| Untracked 
| 152|0x00000000e9800000, 0x00000000e9800000, 0x00000000e9900000|  0%| F|  |TAMS 0x00000000e9800000, 0x00000000e9800000| Untracked 
| 153|0x00000000e9900000, 0x00000000e9900000, 0x00000000e9a00000|  0%| F|  |TAMS 0x00000000e9900000, 0x00000000e9900000| Untracked 
| 154|0x00000000e9a00000, 0x00000000e9a00000, 0x00000000e9b00000|  0%| F|  |TAMS 0x00000000e9a00000, 0x00000000e9a00000| Untracked 
| 155|0x00000000e9b00000, 0x00000000e9b00000, 0x00000000e9c00000|  0%| F|  |TAMS 0x00000000e9b00000, 0x00000000e9b00000| Untracked 
| 156|0x00000000e9c00000, 0x00000000e9c00000, 0x00000000e9d00000|  0%| F|  |TAMS 0x00000000e9c00000, 0x00000000e9c00000| Untracked 
| 157|0x00000000e9d00000, 0x00000000e9d00000, 0x00000000e9e00000|  0%| F|  |TAMS 0x00000000e9d00000, 0x00000000e9d00000| Untracked 
| 158|0x00000000e9e00000, 0x00000000e9e00000, 0x00000000e9f00000|  0%| F|  |TAMS 0x00000000e9e00000, 0x00000000e9e00000| Untracked 
| 159|0x00000000e9f00000, 0x00000000e9f00000, 0x00000000ea000000|  0%| F|  |TAMS 0x00000000e9f00000, 0x00000000e9f00000| Untracked 
| 160|0x00000000ea000000, 0x00000000ea000000, 0x00000000ea100000|  0%| F|  |TAMS 0x00000000ea000000, 0x00000000ea000000| Untracked 
| 161|0x00000000ea100000, 0x00000000ea100000, 0x00000000ea200000|  0%| F|  |TAMS 0x00000000ea100000, 0x00000000ea100000| Untracked 
| 162|0x00000000ea200000, 0x00000000ea200000, 0x00000000ea300000|  0%| F|  |TAMS 0x00000000ea200000, 0x00000000ea200000| Untracked 
| 163|0x00000000ea300000, 0x00000000ea380800, 0x00000000ea400000| 50%| E|  |TAMS 0x00000000ea300000, 0x00000000ea300000| Complete 
| 164|0x00000000ea400000, 0x00000000ea500000, 0x00000000ea500000|100%| E|CS|TAMS 0x00000000ea400000, 0x00000000ea400000| Complete 
| 165|0x00000000ea500000, 0x00000000ea600000, 0x00000000ea600000|100%| E|CS|TAMS 0x00000000ea500000, 0x00000000ea500000| Complete 
| 166|0x00000000ea600000, 0x00000000ea700000, 0x00000000ea700000|100%| E|CS|TAMS 0x00000000ea600000, 0x00000000ea600000| Complete 
| 167|0x00000000ea700000, 0x00000000ea800000, 0x00000000ea800000|100%| E|CS|TAMS 0x00000000ea700000, 0x00000000ea700000| Complete 
| 168|0x00000000ea800000, 0x00000000ea900000, 0x00000000ea900000|100%| E|CS|TAMS 0x00000000ea800000, 0x00000000ea800000| Complete 
| 169|0x00000000ea900000, 0x00000000eaa00000, 0x00000000eaa00000|100%| E|CS|TAMS 0x00000000ea900000, 0x00000000ea900000| Complete 
| 170|0x00000000eaa00000, 0x00000000eab00000, 0x00000000eab00000|100%| E|CS|TAMS 0x00000000eaa00000, 0x00000000eaa00000| Complete 
| 171|0x00000000eab00000, 0x00000000eac00000, 0x00000000eac00000|100%| E|CS|TAMS 0x00000000eab00000, 0x00000000eab00000| Complete 
| 172|0x00000000eac00000, 0x00000000ead00000, 0x00000000ead00000|100%| E|CS|TAMS 0x00000000eac00000, 0x00000000eac00000| Complete 
| 173|0x00000000ead00000, 0x00000000eae00000, 0x00000000eae00000|100%| E|CS|TAMS 0x00000000ead00000, 0x00000000ead00000| Complete 
| 174|0x00000000eae00000, 0x00000000eaf00000, 0x00000000eaf00000|100%| E|CS|TAMS 0x00000000eae00000, 0x00000000eae00000| Complete 
| 175|0x00000000eaf00000, 0x00000000eb000000, 0x00000000eb000000|100%| E|CS|TAMS 0x00000000eaf00000, 0x00000000eaf00000| Complete 
| 176|0x00000000eb000000, 0x00000000eb100000, 0x00000000eb100000|100%| E|CS|TAMS 0x00000000eb000000, 0x00000000eb000000| Complete 
| 177|0x00000000eb100000, 0x00000000eb200000, 0x00000000eb200000|100%| E|CS|TAMS 0x00000000eb100000, 0x00000000eb100000| Complete 
| 178|0x00000000eb200000, 0x00000000eb300000, 0x00000000eb300000|100%| E|CS|TAMS 0x00000000eb200000, 0x00000000eb200000| Complete 
| 179|0x00000000eb300000, 0x00000000eb400000, 0x00000000eb400000|100%| E|CS|TAMS 0x00000000eb300000, 0x00000000eb300000| Complete 
| 180|0x00000000eb400000, 0x00000000eb500000, 0x00000000eb500000|100%| E|CS|TAMS 0x00000000eb400000, 0x00000000eb400000| Complete 
| 181|0x00000000eb500000, 0x00000000eb600000, 0x00000000eb600000|100%| E|CS|TAMS 0x00000000eb500000, 0x00000000eb500000| Complete 
| 182|0x00000000eb600000, 0x00000000eb700000, 0x00000000eb700000|100%| E|CS|TAMS 0x00000000eb600000, 0x00000000eb600000| Complete 
| 183|0x00000000eb700000, 0x00000000eb800000, 0x00000000eb800000|100%| E|CS|TAMS 0x00000000eb700000, 0x00000000eb700000| Complete 
| 184|0x00000000eb800000, 0x00000000eb900000, 0x00000000eb900000|100%| E|CS|TAMS 0x00000000eb800000, 0x00000000eb800000| Complete 
| 185|0x00000000eb900000, 0x00000000eba00000, 0x00000000eba00000|100%| E|CS|TAMS 0x00000000eb900000, 0x00000000eb900000| Complete 
| 186|0x00000000eba00000, 0x00000000ebb00000, 0x00000000ebb00000|100%| E|CS|TAMS 0x00000000eba00000, 0x00000000eba00000| Complete 
| 187|0x00000000ebb00000, 0x00000000ebc00000, 0x00000000ebc00000|100%| E|CS|TAMS 0x00000000ebb00000, 0x00000000ebb00000| Complete 
| 188|0x00000000ebc00000, 0x00000000ebd00000, 0x00000000ebd00000|100%| E|CS|TAMS 0x00000000ebc00000, 0x00000000ebc00000| Complete 
| 189|0x00000000ebd00000, 0x00000000ebe00000, 0x00000000ebe00000|100%| E|CS|TAMS 0x00000000ebd00000, 0x00000000ebd00000| Complete 
| 190|0x00000000ebe00000, 0x00000000ebf00000, 0x00000000ebf00000|100%| E|CS|TAMS 0x00000000ebe00000, 0x00000000ebe00000| Complete 
| 191|0x00000000ebf00000, 0x00000000ec000000, 0x00000000ec000000|100%| E|CS|TAMS 0x00000000ebf00000, 0x00000000ebf00000| Complete 
| 192|0x00000000ec000000, 0x00000000ec100000, 0x00000000ec100000|100%| E|CS|TAMS 0x00000000ec000000, 0x00000000ec000000| Complete 
| 193|0x00000000ec100000, 0x00000000ec200000, 0x00000000ec200000|100%| E|CS|TAMS 0x00000000ec100000, 0x00000000ec100000| Complete 
| 194|0x00000000ec200000, 0x00000000ec300000, 0x00000000ec300000|100%| E|CS|TAMS 0x00000000ec200000, 0x00000000ec200000| Complete 
| 195|0x00000000ec300000, 0x00000000ec400000, 0x00000000ec400000|100%| E|CS|TAMS 0x00000000ec300000, 0x00000000ec300000| Complete 
| 196|0x00000000ec400000, 0x00000000ec500000, 0x00000000ec500000|100%| E|CS|TAMS 0x00000000ec400000, 0x00000000ec400000| Complete 
| 197|0x00000000ec500000, 0x00000000ec600000, 0x00000000ec600000|100%| E|CS|TAMS 0x00000000ec500000, 0x00000000ec500000| Complete 
| 198|0x00000000ec600000, 0x00000000ec700000, 0x00000000ec700000|100%| E|CS|TAMS 0x00000000ec600000, 0x00000000ec600000| Complete 
| 199|0x00000000ec700000, 0x00000000ec800000, 0x00000000ec800000|100%| E|CS|TAMS 0x00000000ec700000, 0x00000000ec700000| Complete 
| 200|0x00000000ec800000, 0x00000000ec900000, 0x00000000ec900000|100%| E|CS|TAMS 0x00000000ec800000, 0x00000000ec800000| Complete 
| 201|0x00000000ec900000, 0x00000000eca00000, 0x00000000eca00000|100%| E|CS|TAMS 0x00000000ec900000, 0x00000000ec900000| Complete 
| 202|0x00000000eca00000, 0x00000000ecb00000, 0x00000000ecb00000|100%| E|CS|TAMS 0x00000000eca00000, 0x00000000eca00000| Complete 
| 203|0x00000000ecb00000, 0x00000000ecc00000, 0x00000000ecc00000|100%| E|CS|TAMS 0x00000000ecb00000, 0x00000000ecb00000| Complete 
| 204|0x00000000ecc00000, 0x00000000ecd00000, 0x00000000ecd00000|100%| E|CS|TAMS 0x00000000ecc00000, 0x00000000ecc00000| Complete 
| 205|0x00000000ecd00000, 0x00000000ece00000, 0x00000000ece00000|100%| E|CS|TAMS 0x00000000ecd00000, 0x00000000ecd00000| Complete 
| 206|0x00000000ece00000, 0x00000000ecf00000, 0x00000000ecf00000|100%| E|CS|TAMS 0x00000000ece00000, 0x00000000ece00000| Complete 
| 207|0x00000000ecf00000, 0x00000000ed000000, 0x00000000ed000000|100%| E|CS|TAMS 0x00000000ecf00000, 0x00000000ecf00000| Complete 
| 208|0x00000000ed000000, 0x00000000ed100000, 0x00000000ed100000|100%| E|CS|TAMS 0x00000000ed000000, 0x00000000ed000000| Complete 
| 209|0x00000000ed100000, 0x00000000ed200000, 0x00000000ed200000|100%| E|CS|TAMS 0x00000000ed100000, 0x00000000ed100000| Complete 
| 210|0x00000000ed200000, 0x00000000ed300000, 0x00000000ed300000|100%| E|CS|TAMS 0x00000000ed200000, 0x00000000ed200000| Complete 
| 211|0x00000000ed300000, 0x00000000ed400000, 0x00000000ed400000|100%| E|CS|TAMS 0x00000000ed300000, 0x00000000ed300000| Complete 
| 212|0x00000000ed400000, 0x00000000ed500000, 0x00000000ed500000|100%| E|CS|TAMS 0x00000000ed400000, 0x00000000ed400000| Complete 
| 213|0x00000000ed500000, 0x00000000ed600000, 0x00000000ed600000|100%| E|CS|TAMS 0x00000000ed500000, 0x00000000ed500000| Complete 
| 214|0x00000000ed600000, 0x00000000ed700000, 0x00000000ed700000|100%| E|CS|TAMS 0x00000000ed600000, 0x00000000ed600000| Complete 
| 215|0x00000000ed700000, 0x00000000ed800000, 0x00000000ed800000|100%| E|CS|TAMS 0x00000000ed700000, 0x00000000ed700000| Complete 
| 216|0x00000000ed800000, 0x00000000ed900000, 0x00000000ed900000|100%| E|CS|TAMS 0x00000000ed800000, 0x00000000ed800000| Complete 
| 217|0x00000000ed900000, 0x00000000eda00000, 0x00000000eda00000|100%| E|CS|TAMS 0x00000000ed900000, 0x00000000ed900000| Complete 
| 218|0x00000000eda00000, 0x00000000edb00000, 0x00000000edb00000|100%| E|CS|TAMS 0x00000000eda00000, 0x00000000eda00000| Complete 
| 219|0x00000000edb00000, 0x00000000edc00000, 0x00000000edc00000|100%| E|CS|TAMS 0x00000000edb00000, 0x00000000edb00000| Complete 
| 220|0x00000000edc00000, 0x00000000edc77160, 0x00000000edd00000| 46%| S|CS|TAMS 0x00000000edc00000, 0x00000000edc00000| Complete 
| 221|0x00000000edd00000, 0x00000000ede00000, 0x00000000ede00000|100%| S|CS|TAMS 0x00000000edd00000, 0x00000000edd00000| Complete 
| 222|0x00000000ede00000, 0x00000000edf00000, 0x00000000edf00000|100%| S|CS|TAMS 0x00000000ede00000, 0x00000000ede00000| Complete 
| 223|0x00000000edf00000, 0x00000000ee000000, 0x00000000ee000000|100%| S|CS|TAMS 0x00000000edf00000, 0x00000000edf00000| Complete 
| 224|0x00000000ee000000, 0x00000000ee100000, 0x00000000ee100000|100%| S|CS|TAMS 0x00000000ee000000, 0x00000000ee000000| Complete 
| 225|0x00000000ee100000, 0x00000000ee200000, 0x00000000ee200000|100%| S|CS|TAMS 0x00000000ee100000, 0x00000000ee100000| Complete 
| 226|0x00000000ee200000, 0x00000000ee300000, 0x00000000ee300000|100%| S|CS|TAMS 0x00000000ee200000, 0x00000000ee200000| Complete 
| 227|0x00000000ee300000, 0x00000000ee400000, 0x00000000ee400000|100%| S|CS|TAMS 0x00000000ee300000, 0x00000000ee300000| Complete 
| 228|0x00000000ee400000, 0x00000000ee500000, 0x00000000ee500000|100%| S|CS|TAMS 0x00000000ee400000, 0x00000000ee400000| Complete 
| 229|0x00000000ee500000, 0x00000000ee600000, 0x00000000ee600000|100%| E|CS|TAMS 0x00000000ee500000, 0x00000000ee500000| Complete 
| 230|0x00000000ee600000, 0x00000000ee700000, 0x00000000ee700000|100%| E|CS|TAMS 0x00000000ee600000, 0x00000000ee600000| Complete 
| 231|0x00000000ee700000, 0x00000000ee800000, 0x00000000ee800000|100%| E|CS|TAMS 0x00000000ee700000, 0x00000000ee700000| Complete 
| 232|0x00000000ee800000, 0x00000000ee900000, 0x00000000ee900000|100%| E|CS|TAMS 0x00000000ee800000, 0x00000000ee800000| Complete 
| 233|0x00000000ee900000, 0x00000000eea00000, 0x00000000eea00000|100%| E|CS|TAMS 0x00000000ee900000, 0x00000000ee900000| Complete 
| 234|0x00000000eea00000, 0x00000000eeb00000, 0x00000000eeb00000|100%| E|CS|TAMS 0x00000000eea00000, 0x00000000eea00000| Complete 
| 235|0x00000000eeb00000, 0x00000000eec00000, 0x00000000eec00000|100%| E|CS|TAMS 0x00000000eeb00000, 0x00000000eeb00000| Complete 
| 236|0x00000000eec00000, 0x00000000eed00000, 0x00000000eed00000|100%| E|CS|TAMS 0x00000000eec00000, 0x00000000eec00000| Complete 
| 237|0x00000000eed00000, 0x00000000eee00000, 0x00000000eee00000|100%| E|CS|TAMS 0x00000000eed00000, 0x00000000eed00000| Complete 
| 238|0x00000000eee00000, 0x00000000eef00000, 0x00000000eef00000|100%| E|CS|TAMS 0x00000000eee00000, 0x00000000eee00000| Complete 
| 239|0x00000000eef00000, 0x00000000ef000000, 0x00000000ef000000|100%| E|CS|TAMS 0x00000000eef00000, 0x00000000eef00000| Complete 
| 240|0x00000000ef000000, 0x00000000ef100000, 0x00000000ef100000|100%| E|CS|TAMS 0x00000000ef000000, 0x00000000ef000000| Complete 
| 241|0x00000000ef100000, 0x00000000ef200000, 0x00000000ef200000|100%| E|CS|TAMS 0x00000000ef100000, 0x00000000ef100000| Complete 
| 242|0x00000000ef200000, 0x00000000ef300000, 0x00000000ef300000|100%| E|CS|TAMS 0x00000000ef200000, 0x00000000ef200000| Complete 
| 243|0x00000000ef300000, 0x00000000ef400000, 0x00000000ef400000|100%| E|CS|TAMS 0x00000000ef300000, 0x00000000ef300000| Complete 
| 244|0x00000000ef400000, 0x00000000ef500000, 0x00000000ef500000|100%| E|CS|TAMS 0x00000000ef400000, 0x00000000ef400000| Complete 
| 245|0x00000000ef500000, 0x00000000ef600000, 0x00000000ef600000|100%| E|CS|TAMS 0x00000000ef500000, 0x00000000ef500000| Complete 
| 246|0x00000000ef600000, 0x00000000ef700000, 0x00000000ef700000|100%| E|CS|TAMS 0x00000000ef600000, 0x00000000ef600000| Complete 
| 247|0x00000000ef700000, 0x00000000ef800000, 0x00000000ef800000|100%| E|CS|TAMS 0x00000000ef700000, 0x00000000ef700000| Complete 
| 248|0x00000000ef800000, 0x00000000ef900000, 0x00000000ef900000|100%| E|CS|TAMS 0x00000000ef800000, 0x00000000ef800000| Complete 
| 249|0x00000000ef900000, 0x00000000efa00000, 0x00000000efa00000|100%| E|CS|TAMS 0x00000000ef900000, 0x00000000ef900000| Complete 
| 250|0x00000000efa00000, 0x00000000efb00000, 0x00000000efb00000|100%| E|CS|TAMS 0x00000000efa00000, 0x00000000efa00000| Complete 
| 251|0x00000000efb00000, 0x00000000efc00000, 0x00000000efc00000|100%| E|CS|TAMS 0x00000000efb00000, 0x00000000efb00000| Complete 
| 252|0x00000000efc00000, 0x00000000efd00000, 0x00000000efd00000|100%| E|CS|TAMS 0x00000000efc00000, 0x00000000efc00000| Complete 
| 253|0x00000000efd00000, 0x00000000efe00000, 0x00000000efe00000|100%| E|CS|TAMS 0x00000000efd00000, 0x00000000efd00000| Complete 
| 254|0x00000000efe00000, 0x00000000eff00000, 0x00000000eff00000|100%| E|CS|TAMS 0x00000000efe00000, 0x00000000efe00000| Complete 
| 255|0x00000000eff00000, 0x00000000f0000000, 0x00000000f0000000|100%| E|CS|TAMS 0x00000000eff00000, 0x00000000eff00000| Complete 

Card table byte_map: [0x00000295720a0000,0x00000295721a0000] _byte_map_base: 0x00000295719a0000

Marking Bits (Prev, Next): (CMBitMap*) 0x000002955acbb788, (CMBitMap*) 0x000002955acbb7c0
 Prev Bits: [0x00000295722a0000, 0x0000029572aa0000)
 Next Bits: [0x0000029572aa0000, 0x00000295732a0000)

Polling page: 0x0000029558c30000

Metaspace:

Usage:
  Non-class:     36.06 MB capacity,    35.46 MB ( 98%) used,   534.95 KB (  1%) free+waste,    77.06 KB ( <1%) overhead. 
      Class:      5.54 MB capacity,     5.20 MB ( 94%) used,   315.00 KB (  6%) free+waste,    37.31 KB ( <1%) overhead. 
       Both:     41.61 MB capacity,    40.66 MB ( 98%) used,   849.95 KB (  2%) free+waste,   114.38 KB ( <1%) overhead. 

Virtual space:
  Non-class space:       38.00 MB reserved,      36.08 MB ( 95%) committed 
      Class space:      248.00 MB reserved,       5.63 MB (  2%) committed 
             Both:      286.00 MB reserved,      41.70 MB ( 15%) committed 

Chunk freelists:
   Non-Class:  2.13 KB
       Class:  2.25 KB
        Both:  4.38 KB

CodeHeap 'non-profiled nmethods': size=120064Kb used=1902Kb max_used=1902Kb free=118161Kb
 bounds [0x000002956ab60000, 0x000002956add0000, 0x00000295720a0000]
CodeHeap 'profiled nmethods': size=120000Kb used=7067Kb max_used=7067Kb free=112932Kb
 bounds [0x0000029563630000, 0x0000029563d20000, 0x000002956ab60000]
CodeHeap 'non-nmethods': size=5696Kb used=2212Kb max_used=2264Kb free=3483Kb
 bounds [0x00000295630a0000, 0x0000029563310000, 0x0000029563630000]
 total_blobs=4012 nmethods=3239 adapters=684
 compilation: enabled
              stopped_count=0, restarted_count=0
 full_count=0

Compilation events (10 events):
Event: 90.893 Thread 0x0000029576224800 3440       3       com.google.common.collect.LinkedHashMultimap::createCollection (14 bytes)
Event: 90.893 Thread 0x0000029576224800 nmethod 3440 0x0000029563d06110 code [0x0000029563d062c0, 0x0000029563d064d0]
Event: 90.893 Thread 0x0000029576224800 3441       3       com.google.common.collect.LinkedHashMultimap$ValueSet::<init> (55 bytes)
Event: 90.894 Thread 0x0000029576224800 nmethod 3441 0x0000029563d06590 code [0x0000029563d067a0, 0x0000029563d06d30]
Event: 91.080 Thread 0x0000029576224800 3443       3       java.lang.invoke.MemberName::isProtected (8 bytes)
Event: 91.081 Thread 0x0000029576224800 nmethod 3443 0x0000029563d06e90 code [0x0000029563d07040, 0x0000029563d07258]
Event: 91.095 Thread 0x0000029576224800 3446       3       java.lang.invoke.Invokers::checkCustomized (23 bytes)
Event: 91.096 Thread 0x0000029576224800 nmethod 3446 0x0000029563d07310 code [0x0000029563d074c0, 0x0000029563d076f0]
Event: 91.144 Thread 0x0000029576224800 3447       3       com.google.common.collect.ImmutableCollection$ArrayBasedBuilder::<init> (25 bytes)
Event: 91.145 Thread 0x0000029576224800 nmethod 3447 0x0000029563d07810 code [0x0000029563d079e0, 0x0000029563d07d50]

GC Heap History (10 events):
Event: 22.349 GC heap before
{Heap before GC invocations=2 (full 0):
 garbage-first heap   total 262144K, used 35385K [0x00000000e0000000, 0x0000000100000000)
  region size 1024K, 28 young (28672K), 1 survivors (1024K)
 Metaspace       used 10677K, capacity 10925K, committed 11264K, reserved 264192K
  class space    used 1108K, capacity 1196K, committed 1280K, reserved 253952K
}
Event: 22.354 GC heap after
{Heap after GC invocations=3 (full 0):
 garbage-first heap   total 262144K, used 13043K [0x00000000e0000000, 0x0000000100000000)
  region size 1024K, 4 young (4096K), 4 survivors (4096K)
 Metaspace       used 10677K, capacity 10925K, committed 11264K, reserved 264192K
  class space    used 1108K, capacity 1196K, committed 1280K, reserved 253952K
}
Event: 31.293 GC heap before
{Heap before GC invocations=3 (full 0):
 garbage-first heap   total 262144K, used 52979K [0x00000000e0000000, 0x0000000100000000)
  region size 1024K, 43 young (44032K), 4 survivors (4096K)
 Metaspace       used 18700K, capacity 19116K, committed 19328K, reserved 272384K
  class space    used 2227K, capacity 2379K, committed 2432K, reserved 253952K
}
Event: 31.304 GC heap after
{Heap after GC invocations=4 (full 0):
 garbage-first heap   total 262144K, used 15921K [0x00000000e0000000, 0x0000000100000000)
  region size 1024K, 3 young (3072K), 3 survivors (3072K)
 Metaspace       used 18700K, capacity 19116K, committed 19328K, reserved 272384K
  class space    used 2227K, capacity 2379K, committed 2432K, reserved 253952K
}
Event: 38.784 GC heap before
{Heap before GC invocations=4 (full 0):
 garbage-first heap   total 262144K, used 30257K [0x00000000e0000000, 0x0000000100000000)
  region size 1024K, 19 young (19456K), 3 survivors (3072K)
 Metaspace       used 20749K, capacity 21176K, committed 21296K, reserved 274432K
  class space    used 2494K, capacity 2640K, committed 2688K, reserved 253952K
}
Event: 38.792 GC heap after
{Heap after GC invocations=5 (full 0):
 garbage-first heap   total 262144K, used 16351K [0x00000000e0000000, 0x0000000100000000)
  region size 1024K, 4 young (4096K), 4 survivors (4096K)
 Metaspace       used 20749K, capacity 21176K, committed 21296K, reserved 274432K
  class space    used 2494K, capacity 2640K, committed 2688K, reserved 253952K
}
Event: 57.546 GC heap before
{Heap before GC invocations=6 (full 0):
 garbage-first heap   total 262144K, used 76767K [0x00000000e0000000, 0x0000000100000000)
  region size 1024K, 63 young (64512K), 4 survivors (4096K)
 Metaspace       used 28493K, capacity 29081K, committed 29232K, reserved 280576K
  class space    used 3707K, capacity 3919K, committed 3968K, reserved 253952K
}
Event: 57.558 GC heap after
{Heap after GC invocations=7 (full 0):
 garbage-first heap   total 262144K, used 18488K [0x00000000e0000000, 0x0000000100000000)
  region size 1024K, 6 young (6144K), 6 survivors (6144K)
 Metaspace       used 28493K, capacity 29081K, committed 29232K, reserved 280576K
  class space    used 3707K, capacity 3919K, committed 3968K, reserved 253952K
}
Event: 76.731 GC heap before
{Heap before GC invocations=7 (full 0):
 garbage-first heap   total 262144K, used 47160K [0x00000000e0000000, 0x0000000100000000)
  region size 1024K, 33 young (33792K), 6 survivors (6144K)
 Metaspace       used 35154K, capacity 35784K, committed 35920K, reserved 286720K
  class space    used 4327K, capacity 4553K, committed 4608K, reserved 253952K
}
Event: 76.747 GC heap after
{Heap after GC invocations=8 (full 0):
 garbage-first heap   total 262144K, used 21592K [0x00000000e0000000, 0x0000000100000000)
  region size 1024K, 9 young (9216K), 9 survivors (9216K)
 Metaspace       used 35154K, capacity 35784K, committed 35920K, reserved 286720K
  class space    used 4327K, capacity 4553K, committed 4608K, reserved 253952K
}

Deoptimization events (10 events):
Event: 86.386 Thread 0x0000029576774800 Uncommon trap: reason=class_check action=maybe_recompile pc=0x000002956ac10c28 method=java.util.Collections$SetFromMap.remove(Ljava/lang/Object;)Z @ 5 c2
Event: 86.438 Thread 0x0000029576774800 Uncommon trap: reason=speculate_class_check action=maybe_recompile pc=0x000002956ac81844 method=java.lang.reflect.Executable.declaredAnnotations()Ljava/util/Map; @ 23 c2
Event: 87.016 Thread 0x0000029576774800 Uncommon trap: reason=unstable_if action=reinterpret pc=0x000002956abe4594 method=java.util.HashMap.hash(Ljava/lang/Object;)I @ 1 c2
Event: 87.016 Thread 0x0000029576774800 Uncommon trap: reason=unstable_if action=reinterpret pc=0x000002956abc6564 method=java.util.HashMap.getNode(ILjava/lang/Object;)Ljava/util/HashMap$Node; @ 53 c2
Event: 87.016 Thread 0x0000029576774800 Uncommon trap: reason=unstable_if action=reinterpret pc=0x000002956ab84074 method=java.util.HashMap.hash(Ljava/lang/Object;)I @ 1 c2
Event: 87.016 Thread 0x0000029576774800 Uncommon trap: reason=unstable_if action=reinterpret pc=0x000002956ac63538 method=java.util.HashMap.putVal(ILjava/lang/Object;Ljava/lang/Object;ZZ)Ljava/lang/Object; @ 85 c2
Event: 87.189 Thread 0x0000029576774800 Uncommon trap: reason=speculate_class_check action=maybe_recompile pc=0x000002956ac81844 method=java.lang.reflect.Executable.declaredAnnotations()Ljava/util/Map; @ 23 c2
Event: 87.935 Thread 0x0000029576774800 Uncommon trap: reason=unstable_if action=reinterpret pc=0x000002956acca1f4 method=org.gradle.internal.reflect.PropertyAccessorType.isGetGetterName(Ljava/lang/String;)Z @ 14 c2
Event: 88.002 Thread 0x0000029576774800 Uncommon trap: reason=unstable_if action=reinterpret pc=0x000002956ace3d90 method=org.objectweb.asm.ByteVector.putShort(I)Lorg/objectweb/asm/ByteVector; @ 13 c2
Event: 89.546 Thread 0x0000029576774800 Uncommon trap: reason=unstable_if action=reinterpret pc=0x000002956abc7400 method=java.net.URI$Parser.scan(IILjava/lang/String;)I @ 26 c2

Classes redefined (0 events):
No events

Internal exceptions (10 events):
Event: 89.160 Thread 0x0000029576774800 Exception <a 'java/lang/NoSuchMethodError'{0x00000000ec1bfba8}: java.lang.invoke.DirectMethodHandle$Holder.invokeStaticInit(Ljava/lang/Object;Ljava/lang/Object;Ljava/lang/Object;Ljava/lang/Object;)I> (0x00000000ec1bfba8) thrown at [./open/src/hotspot/shar
Event: 89.444 Thread 0x0000029576774800 Exception <a 'java/lang/ClassNotFoundException'{0x00000000eba370c8}: org/gradle/api/internal/artifacts/dsl/dependencies/DefaultDependencyHandler_DecoratedBeanInfo> (0x00000000eba370c8) thrown at [./open/src/hotspot/share/classfile/systemDictionary.cpp, li
Event: 89.446 Thread 0x0000029576774800 Exception <a 'java/lang/ClassNotFoundException'{0x00000000eba67090}: org/gradle/api/internal/artifacts/dsl/dependencies/DefaultDependencyHandlerBeanInfo> (0x00000000eba67090) thrown at [./open/src/hotspot/share/classfile/systemDictionary.cpp, line 228]
Event: 89.448 Thread 0x0000029576774800 Exception <a 'java/lang/ClassNotFoundException'{0x00000000eba973c0}: org/gradle/api/internal/artifacts/dsl/dependencies/DefaultDependencyHandlerCustomizer> (0x00000000eba973c0) thrown at [./open/src/hotspot/share/classfile/systemDictionary.cpp, line 228]
Event: 89.450 Thread 0x0000029576774800 Exception <a 'java/lang/ClassNotFoundException'{0x00000000ebae5fd0}: org/gradle/api/internal/artifacts/dsl/dependencies/DefaultDependencyHandler_DecoratedCustomizer> (0x00000000ebae5fd0) thrown at [./open/src/hotspot/share/classfile/systemDictionary.cpp, 
Event: 90.007 Thread 0x0000029576774800 Exception <a 'java/lang/NoSuchMethodError'{0x00000000eb571b20}: java.lang.invoke.DirectMethodHandle$Holder.invokeStatic(Ljava/lang/Object;ILjava/lang/Object;)Ljava/lang/Object;> (0x00000000eb571b20) thrown at [./open/src/hotspot/share/interpreter/linkReso
Event: 90.144 Thread 0x0000029576774800 Exception <a 'java/lang/NoSuchMethodError'{0x00000000eb3b4bd0}: java.lang.invoke.DirectMethodHandle$Holder.invokeSpecial(Ljava/lang/Object;Ljava/lang/Object;)V> (0x00000000eb3b4bd0) thrown at [./open/src/hotspot/share/interpreter/linkResolver.cpp, line 77
Event: 91.078 Thread 0x0000029576774800 Exception <a 'java/lang/NoSuchMethodError'{0x00000000eac80100}: java.lang.invoke.DirectMethodHandle$Holder.invokeInterface(Ljava/lang/Object;Ljava/lang/Object;)I> (0x00000000eac80100) thrown at [./open/src/hotspot/share/interpreter/linkResolver.cpp, line 
Event: 91.080 Thread 0x0000029576774800 Exception <a 'java/lang/IncompatibleClassChangeError'{0x00000000eac83bd0}: Found class java.lang.Object, but interface was expected> (0x00000000eac83bd0) thrown at [./open/src/hotspot/share/interpreter/linkResolver.cpp, line 838]
Event: 91.092 Thread 0x0000029576774800 Exception <a 'java/lang/NoSuchMethodError'{0x00000000eac9c1c0}: java.lang.invoke.DirectMethodHandle$Holder.invokeStatic(Ljava/lang/Object;Ljava/lang/Object;Ljava/lang/Object;Ljava/lang/Object;Ljava/lang/Object;)I> (0x00000000eac9c1c0) thrown at [./open/sr

Events (10 events):
Event: 91.259 loading class org/gradle/api/internal/artifacts/ivyservice/resolveengine/graph/builder/DependencyState
Event: 91.259 loading class org/gradle/api/internal/artifacts/ivyservice/resolveengine/graph/builder/DependencyState done
Event: 91.259 loading class org/gradle/api/internal/artifacts/ivyservice/resolveengine/graph/builder/NodeState
Event: 91.259 loading class org/gradle/api/internal/artifacts/ivyservice/resolveengine/graph/builder/NodeState done
Event: 91.260 loading class org/gradle/api/internal/artifacts/ivyservice/resolveengine/graph/DependencyGraphSelector
Event: 91.260 loading class org/gradle/api/internal/artifacts/ivyservice/resolveengine/graph/DependencyGraphSelector done
Event: 91.262 loading class org/gradle/api/internal/artifacts/ivyservice/resolveengine/graph/builder/DependencyState
Event: 91.262 loading class org/gradle/api/internal/artifacts/ivyservice/resolveengine/graph/builder/DependencyState done
Event: 91.262 loading class org/gradle/api/internal/artifacts/ivyservice/resolveengine/graph/builder/SelectorState
Event: 91.262 loading class org/gradle/api/internal/artifacts/ivyservice/resolveengine/graph/builder/SelectorState done


Dynamic libraries:
0x00007ff61d450000 - 0x00007ff61d45f000 	C:\Program Files\Java\jdk-11.0.8\bin\java.exe
0x00007ff81f050000 - 0x00007ff81f246000 	C:\WINDOWS\SYSTEM32\ntdll.dll
0x00007ff81d730000 - 0x00007ff81d7ed000 	C:\WINDOWS\System32\KERNEL32.DLL
0x00007ff81cde0000 - 0x00007ff81d0a9000 	C:\WINDOWS\System32\KERNELBASE.dll
0x00007ff81cce0000 - 0x00007ff81cde0000 	C:\WINDOWS\System32\ucrtbase.dll
0x00007ff8161c0000 - 0x00007ff8161d8000 	C:\Program Files\Java\jdk-11.0.8\bin\jli.dll
0x00007ff804e80000 - 0x00007ff804e95000 	C:\Program Files\Java\jdk-11.0.8\bin\VCRUNTIME140.dll
0x00007ff81d7f0000 - 0x00007ff81d89c000 	C:\WINDOWS\System32\ADVAPI32.dll
0x00007ff81ee40000 - 0x00007ff81eede000 	C:\WINDOWS\System32\msvcrt.dll
0x00007ff81dac0000 - 0x00007ff81db5c000 	C:\WINDOWS\System32\sechost.dll
0x00007ff81d0f0000 - 0x00007ff81d21b000 	C:\WINDOWS\System32\RPCRT4.dll
0x00007ff81d220000 - 0x00007ff81d3c0000 	C:\WINDOWS\System32\USER32.dll
0x00007ff80bea0000 - 0x00007ff80c13b000 	C:\WINDOWS\WinSxS\amd64_microsoft.windows.common-controls_6595b64144ccf1df_6.0.19041.746_none_ca02b4b61b8320a4\COMCTL32.dll
0x00007ff81c790000 - 0x00007ff81c7b2000 	C:\WINDOWS\System32\win32u.dll
0x00007ff81e590000 - 0x00007ff81e5ba000 	C:\WINDOWS\System32\GDI32.dll
0x00007ff81cb50000 - 0x00007ff81cc5b000 	C:\WINDOWS\System32\gdi32full.dll
0x00007ff81c7c0000 - 0x00007ff81c85d000 	C:\WINDOWS\System32\msvcp_win.dll
0x00007ff8136c0000 - 0x00007ff8136ca000 	C:\WINDOWS\SYSTEM32\VERSION.dll
0x00007ff81d0c0000 - 0x00007ff81d0f0000 	C:\WINDOWS\System32\IMM32.DLL
0x00007fffea4d0000 - 0x00007fffea56b000 	C:\Program Files\Java\jdk-11.0.8\bin\msvcp140.dll
0x00007fffbdb90000 - 0x00007fffbe676000 	C:\Program Files\Java\jdk-11.0.8\bin\server\jvm.dll
0x00007ff81d0b0000 - 0x00007ff81d0b8000 	C:\WINDOWS\System32\PSAPI.DLL
0x00007ff80f570000 - 0x00007ff80f597000 	C:\WINDOWS\SYSTEM32\WINMM.dll
0x00007ff807f80000 - 0x00007ff807f89000 	C:\WINDOWS\SYSTEM32\WSOCK32.dll
0x00007ff81e310000 - 0x00007ff81e37b000 	C:\WINDOWS\System32\ws2_32.DLL
0x00007ff81a6e0000 - 0x00007ff81a6f2000 	C:\WINDOWS\SYSTEM32\kernel.appcore.dll
0x00007ff818430000 - 0x00007ff818440000 	C:\Program Files\Java\jdk-11.0.8\bin\verify.dll
0x00007ff80dcd0000 - 0x00007ff80deb4000 	C:\WINDOWS\SYSTEM32\DBGHELP.DLL
0x00007ff80dbf0000 - 0x00007ff80dc1c000 	C:\WINDOWS\SYSTEM32\dbgcore.DLL
0x00007ff81cc60000 - 0x00007ff81cce0000 	C:\WINDOWS\System32\bcryptPrimitives.dll
0x00007ffff8ec0000 - 0x00007ffff8ee8000 	C:\Program Files\Java\jdk-11.0.8\bin\java.dll
0x00007ff816a40000 - 0x00007ff816a4a000 	C:\Program Files\Java\jdk-11.0.8\bin\jimage.dll
0x00007ff8012b0000 - 0x00007ff8012c6000 	C:\Program Files\Java\jdk-11.0.8\bin\zip.dll
0x00007ff81dbc0000 - 0x00007ff81e302000 	C:\WINDOWS\System32\SHELL32.dll
0x00007ff81a8e0000 - 0x00007ff81b070000 	C:\WINDOWS\SYSTEM32\windows.storage.dll
0x00007ff81e5c0000 - 0x00007ff81e916000 	C:\WINDOWS\System32\combase.dll
0x00007ff81c120000 - 0x00007ff81c14c000 	C:\WINDOWS\SYSTEM32\Wldp.dll
0x00007ff81ed90000 - 0x00007ff81ee3e000 	C:\WINDOWS\System32\SHCORE.dll
0x00007ff81db60000 - 0x00007ff81dbb5000 	C:\WINDOWS\System32\shlwapi.dll
0x00007ff81c6c0000 - 0x00007ff81c6e6000 	C:\WINDOWS\SYSTEM32\profapi.dll
0x00007ffff9940000 - 0x00007ffff9959000 	C:\Program Files\Java\jdk-11.0.8\bin\net.dll
0x00007ff80fc40000 - 0x00007ff80fd40000 	C:\WINDOWS\SYSTEM32\WINHTTP.dll
0x00007ff81bea0000 - 0x00007ff81bf0a000 	C:\WINDOWS\system32\mswsock.dll
0x00007ffff9750000 - 0x00007ffff9762000 	C:\Program Files\Java\jdk-11.0.8\bin\nio.dll
0x00007ffff7150000 - 0x00007ffff717a000 	C:\Users\Devansh\.gradle\native\36\windows-amd64\native-platform.dll
0x00007ff80fb50000 - 0x00007ff80fb59000 	C:\Program Files\Java\jdk-11.0.8\bin\management.dll
0x00007ff80dfe0000 - 0x00007ff80dfeb000 	C:\Program Files\Java\jdk-11.0.8\bin\management_ext.dll
0x00007ff81c070000 - 0x00007ff81c088000 	C:\WINDOWS\SYSTEM32\CRYPTSP.dll
0x00007ff81b840000 - 0x00007ff81b874000 	C:\WINDOWS\system32\rsaenh.dll
0x00007ff81c860000 - 0x00007ff81c887000 	C:\WINDOWS\System32\bcrypt.dll
0x00007ff81c680000 - 0x00007ff81c6ae000 	C:\WINDOWS\SYSTEM32\USERENV.dll
0x00007ff81c090000 - 0x00007ff81c09c000 	C:\WINDOWS\SYSTEM32\CRYPTBASE.dll
0x00007ff81bb90000 - 0x00007ff81bbcb000 	C:\WINDOWS\SYSTEM32\IPHLPAPI.DLL
0x00007ff81e4d0000 - 0x00007ff81e4d8000 	C:\WINDOWS\System32\NSI.dll
0x00007ff8121c0000 - 0x00007ff8121d7000 	C:\WINDOWS\SYSTEM32\dhcpcsvc6.DLL
0x00007ff812620000 - 0x00007ff81263d000 	C:\WINDOWS\SYSTEM32\dhcpcsvc.DLL
0x00007ff81bbd0000 - 0x00007ff81bc9b000 	C:\WINDOWS\SYSTEM32\DNSAPI.dll

dbghelp: loaded successfully - version: 4.0.5 - missing functions: none
symbol engine: initialized successfully - sym options: 0x614 - pdb path: .;C:\Program Files\Java\jdk-11.0.8\bin;C:\WINDOWS\SYSTEM32;C:\WINDOWS\WinSxS\amd64_microsoft.windows.common-controls_6595b64144ccf1df_6.0.19041.746_none_ca02b4b61b8320a4;C:\Program Files\Java\jdk-11.0.8\bin\server;C:\Users\Devansh\.gradle\native\36\windows-amd64

VM Arguments:
jvm_args: --add-opens=java.base/java.util=ALL-UNNAMED --add-opens=java.base/java.lang=ALL-UNNAMED --add-opens=java.base/java.lang.invoke=ALL-UNNAMED --add-opens=java.prefs/java.util.prefs=ALL-UNNAMED -XX:MaxMetaspaceSize=256m -XX:+HeapDumpOnOutOfMemoryError -Xms256m -Xmx512m -Dfile.encoding=windows-1252 -Duser.country=US -Duser.language=en -Duser.variant 
java_command: org.gradle.launcher.daemon.bootstrap.GradleDaemon 6.2
java_class_path (initial): C:\Users\Devansh\.gradle\wrapper\dists\gradle-6.2-all\dvufqs6kielxeao781pmk5huj\gradle-6.2\lib\gradle-launcher-6.2.jar
Launcher Type: SUN_STANDARD

[Global flags]
     intx CICompilerCount                          = 3                                         {product} {ergonomic}
   size_t CompressedClassSpaceSize                 = 260046848                                 {product} {ergonomic}
     uint ConcGCThreads                            = 1                                         {product} {ergonomic}
     uint G1ConcRefinementThreads                  = 4                                         {product} {ergonomic}
   size_t G1HeapRegionSize                         = 1048576                                   {product} {ergonomic}
    uintx GCDrainStackTargetSize                   = 64                                        {product} {ergonomic}
     bool HeapDumpOnOutOfMemoryError               = true                                   {manageable} {command line}
   size_t InitialHeapSize                          = 268435456                                 {product} {command line}
   size_t MarkStackSize                            = 4194304                                   {product} {ergonomic}
   size_t MaxHeapSize                              = 536870912                                 {product} {command line}
   size_t MaxMetaspaceSize                         = 268435456                                 {product} {command line}
   size_t MaxNewSize                               = 321912832                                 {product} {ergonomic}
   size_t MinHeapDeltaBytes                        = 1048576                                   {product} {ergonomic}
    uintx NonNMethodCodeHeapSize                   = 5830732                                {pd product} {ergonomic}
    uintx NonProfiledCodeHeapSize                  = 122913754                              {pd product} {ergonomic}
    uintx ProfiledCodeHeapSize                     = 122913754                              {pd product} {ergonomic}
    uintx ReservedCodeCacheSize                    = 251658240                              {pd product} {ergonomic}
     bool SegmentedCodeCache                       = true                                      {product} {ergonomic}
     bool UseCompressedClassPointers               = true                                 {lp64_product} {ergonomic}
     bool UseCompressedOops                        = true                                 {lp64_product} {ergonomic}
     bool UseG1GC                                  = true                                      {product} {ergonomic}
     bool UseLargePagesIndividualAllocation        = false                                  {pd product} {ergonomic}

Logging:
Log output configuration:
 #0: stdout all=warning uptime,level,tags
 #1: stderr all=off uptime,level,tags

Environment Variables:
JAVA_HOME=C:\Program Files\Java\jdk-11.0.8
CLASSPATH=C:\warlock\Internship Levyne\WebView\WebViewApp\android\\gradle\wrapper\gradle-wrapper.jar
PATH=C:\warlock\Internship Levyne\WebView\WebViewApp\android\node_modules\.bin;C:\warlock\Internship Levyne\WebView\WebViewApp\node_modules\.bin;C:\warlock\Internship Levyne\WebView\node_modules\.bin;C:\warlock\Internship Levyne\node_modules\.bin;C:\warlock\node_modules\.bin;C:\node_modules\.bin;C:\Program Files\nodejs;C:\Program Files\nodejs\node_modules\npm\node_modules\npm-lifecycle\node-gyp-bin;C:\warlock\Internship Levyne\WebView\WebViewApp\node_modules\.bin;C:\Program Files\Common Files\Oracle\Java\javapath;"C:\Program Files\Java\jdk-13\bin;C:\Program Files (x86)\Java\jre1.8.0_211\bin";C:\Program Files\Intel\iCLS Client\;C:\WINDOWS\system32;C:\WINDOWS;C:\WINDOWS\System32\Wbem;C:\WINDOWS\System32\WindowsPowerShell\v1.0\;C:\Program Files (x86)\Intel\Intel(R) Management Engine Components\DAL;C:\Program Files\Intel\Intel(R) Management Engine Components\DAL;C:\Program Files (x86)\Intel\Intel(R) Management Engine Components\IPT;C:\Program Files\Intel\Intel(R) Management Engine Components\IPT;C:\Program Files\Intel\WiFi\bin\;C:\Program Files\Common Files\Intel\WirelessCommon\;C:\WINDOWS\System32\OpenSSH\;C:\Program Files (x86)\Java\bin;C:\Program Files\Java\jre1.8.0_211\bin;C:\Program Files\Java\jdk1.8.0_11\bin;C:\Program Files\Microsoft SQL Server\110\DTS\Binn\;C:\Program Files (x86)\Microsoft SQL Server\110\Tools\Binn\;C:\Program Files\Microsoft SQL Server\110\Tools\Binn\;C:\Program Files (x86)\Microsoft SQL Server\110\Tools\Binn\ManagementStudio\;C:\Program Files (x86)\Microsoft Visual Studio 10.0\Common7\IDE\PrivateAssemblies\;C:\Program Files (x86)\Microsoft SQL Server\110\DTS\Binn\;C:\Program Files\Git\cmd;C:\Program Files\nodejs\;C:\Program Files (x86)\Yarn\bin\;C:\Program Files (x86)\dotnet\;C:\Go\bin;C:\Program Files\MySQL\MySQL Shell 8.0\bin\;C:\Users\Devansh\AppData\Local\Programs\Python\Python39\Scripts\;C:\Users\Devansh\AppData\Local\Programs\Python\Python39\;C:\Users\Devansh\.windows-build-tools\python27\;C:\Program Files\nodejs\node_modules\npm\node_modul
USERNAME=Devansh
OS=Windows_NT
PROCESSOR_IDENTIFIER=Intel64 Family 6 Model 61 Stepping 4, GenuineIntel



---------------  S Y S T E M  ---------------

OS: Windows 10 , 64 bit Build 19041 (10.0.19041.804)
HyperV virtualization detected

CPU:total 4 (initial active 4) (2 cores per cpu, 2 threads per core) family 6 model 61 stepping 4, cmov, cx8, fxsr, mmx, sse, sse2, sse3, ssse3, sse4.1, sse4.2, popcnt, avx, avx2, aes, clmul, erms, 3dnowpref, lzcnt, ht, tsc, tscinvbit, bmi1, bmi2, adx, fma

Memory: 4k page, system-wide physical 8101M (927M free)
TotalPageFile size 14375M (AvailPageFile size 4307M)
current process WorkingSet (physical memory assigned to process): 746M, peak: 746M
current process commit charge ("private bytes"): 936M, peak: 940M

vm_info: Java HotSpot(TM) 64-Bit Server VM (11.0.8+10-LTS) for windows-amd64 JRE (11.0.8+10-LTS), built on Jun 16 2020 05:53:08 by "mach5one" with unknown MS VC++:1916

END.
